2019-09-17 17:53:09,761 INFO [restartedMain] cc.saxfore.icbt.IcbtUserApplication [StartupInfoLogger.java : 50] Starting IcbtUserApplication on MacBook.local with PID 12185 (/Users/john/gitHub-workspace/icbt-user/target/classes started by john in /Users/john/gitHub-workspace/icbt-user)
2019-09-17 17:53:09,766 INFO [restartedMain] cc.saxfore.icbt.IcbtUserApplication [SpringApplication.java : 646] No active profile set, falling back to default profiles: default
2019-09-17 17:53:09,802 INFO [restartedMain] o.s.b.d.e.DevToolsPropertyDefaultsPostProcessor [DeferredLog.java : 225] Devtools property defaults active! Set 'spring.devtools.add-properties' to 'false' to disable
2019-09-17 17:53:09,802 INFO [restartedMain] o.s.b.d.e.DevToolsPropertyDefaultsPostProcessor [DeferredLog.java : 225] For additional web related logging consider setting the 'logging.level.web' property to 'DEBUG'
2019-09-17 17:53:11,198 INFO [restartedMain] o.s.d.r.c.RepositoryConfigurationDelegate [RepositoryConfigurationDelegate.java : 244] Multiple Spring Data modules found, entering strict repository configuration mode!
2019-09-17 17:53:11,200 INFO [restartedMain] o.s.d.r.c.RepositoryConfigurationDelegate [RepositoryConfigurationDelegate.java : 126] Bootstrapping Spring Data repositories in DEFAULT mode.
2019-09-17 17:53:11,273 INFO [restartedMain] o.s.d.r.c.RepositoryConfigurationDelegate [RepositoryConfigurationDelegate.java : 182] Finished Spring Data repository scanning in 51ms. Found 0 repository interfaces.
2019-09-17 17:53:12,067 INFO [restartedMain] o.s.c.s.PostProcessorRegistrationDelegate$BeanPostProcessorChecker [PostProcessorRegistrationDelegate.java : 330] Bean 'org.springframework.transaction.annotation.ProxyTransactionManagementConfiguration' of type [org.springframework.transaction.annotation.ProxyTransactionManagementConfiguration$$EnhancerBySpringCGLIB$$52a018c7] is not eligible for getting processed by all BeanPostProcessors (for example: not eligible for auto-proxying)
2019-09-17 17:53:12,655 INFO [restartedMain] o.s.b.w.e.tomcat.TomcatWebServer [TomcatWebServer.java : 90] Tomcat initialized with port(s): 9001 (http)
2019-09-17 17:53:12,666 INFO [restartedMain] o.a.coyote.http11.Http11NioProtocol [DirectJDKLog.java : 173] Initializing ProtocolHandler ["http-nio-9001"]
2019-09-17 17:53:12,673 INFO [restartedMain] o.a.catalina.core.StandardService [DirectJDKLog.java : 173] Starting service [Tomcat]
2019-09-17 17:53:12,673 INFO [restartedMain] o.a.catalina.core.StandardEngine [DirectJDKLog.java : 173] Starting Servlet engine: [Apache Tomcat/9.0.21]
2019-09-17 17:53:12,751 INFO [restartedMain] o.a.c.c.C.[.[localhost].[/icbt] [DirectJDKLog.java : 173] Initializing Spring embedded WebApplicationContext
2019-09-17 17:53:12,752 INFO [restartedMain] o.s.web.context.ContextLoader [ServletWebServerApplicationContext.java : 283] Root WebApplicationContext: initialization completed in 2950 ms
2019-09-17 17:53:13,460 INFO [restartedMain] c.s.icbt.common.filter.IcbtFilter [IcbtFilter.java : 29] icbtFilter init ...
2019-09-17 17:53:14,362 WARN [restartedMain] o.s.b.w.s.c.AnnotationConfigServletWebServerApplicationContext [AbstractApplicationContext.java : 557] Exception encountered during context initialization - cancelling refresh attempt: org.springframework.beans.factory.BeanCreationException: Error creating bean with name 'springSecurityFilterChain' defined in class path resource [org/springframework/security/config/annotation/web/configuration/WebSecurityConfiguration.class]: Bean instantiation via factory method failed; nested exception is org.springframework.beans.BeanInstantiationException: Failed to instantiate [javax.servlet.Filter]: Factory method 'springSecurityFilterChain' threw exception; nested exception is java.lang.IllegalArgumentException: defaultTarget must start with '/' or with 'http(s)'
2019-09-17 17:53:14,381 INFO [restartedMain] o.a.catalina.core.StandardService [DirectJDKLog.java : 173] Stopping service [Tomcat]
2019-09-17 17:53:14,383 INFO [restartedMain] c.s.icbt.common.filter.IcbtFilter [IcbtFilter.java : 49] icbtFilter destroy ...
2019-09-17 17:53:14,395 INFO [restartedMain] o.s.b.a.l.ConditionEvaluationReportLoggingListener [ConditionEvaluationReportLoggingListener.java : 135] 

Error starting ApplicationContext. To display the conditions report re-run your application with 'debug' enabled.
2019-09-17 17:53:14,404 ERROR [restartedMain] o.s.boot.SpringApplication [SpringApplication.java : 821] Application run failed
org.springframework.beans.factory.BeanCreationException: Error creating bean with name 'springSecurityFilterChain' defined in class path resource [org/springframework/security/config/annotation/web/configuration/WebSecurityConfiguration.class]: Bean instantiation via factory method failed; nested exception is org.springframework.beans.BeanInstantiationException: Failed to instantiate [javax.servlet.Filter]: Factory method 'springSecurityFilterChain' threw exception; nested exception is java.lang.IllegalArgumentException: defaultTarget must start with '/' or with 'http(s)'
	at org.springframework.beans.factory.support.ConstructorResolver.instantiate(ConstructorResolver.java:627)
	at org.springframework.beans.factory.support.ConstructorResolver.instantiateUsingFactoryMethod(ConstructorResolver.java:456)
	at org.springframework.beans.factory.support.AbstractAutowireCapableBeanFactory.instantiateUsingFactoryMethod(AbstractAutowireCapableBeanFactory.java:1321)
	at org.springframework.beans.factory.support.AbstractAutowireCapableBeanFactory.createBeanInstance(AbstractAutowireCapableBeanFactory.java:1160)
	at org.springframework.beans.factory.support.AbstractAutowireCapableBeanFactory.doCreateBean(AbstractAutowireCapableBeanFactory.java:555)
	at org.springframework.beans.factory.support.AbstractAutowireCapableBeanFactory.createBean(AbstractAutowireCapableBeanFactory.java:515)
	at org.springframework.beans.factory.support.AbstractBeanFactory.lambda$doGetBean$0(AbstractBeanFactory.java:320)
	at org.springframework.beans.factory.support.DefaultSingletonBeanRegistry.getSingleton(DefaultSingletonBeanRegistry.java:222)
	at org.springframework.beans.factory.support.AbstractBeanFactory.doGetBean(AbstractBeanFactory.java:318)
	at org.springframework.beans.factory.support.AbstractBeanFactory.getBean(AbstractBeanFactory.java:199)
	at org.springframework.beans.factory.support.AbstractBeanFactory.doGetBean(AbstractBeanFactory.java:307)
	at org.springframework.beans.factory.support.AbstractBeanFactory.getBean(AbstractBeanFactory.java:199)
	at org.springframework.beans.factory.support.DefaultListableBeanFactory.preInstantiateSingletons(DefaultListableBeanFactory.java:845)
	at org.springframework.context.support.AbstractApplicationContext.finishBeanFactoryInitialization(AbstractApplicationContext.java:877)
	at org.springframework.context.support.AbstractApplicationContext.refresh(AbstractApplicationContext.java:549)
	at org.springframework.boot.web.servlet.context.ServletWebServerApplicationContext.refresh(ServletWebServerApplicationContext.java:140)
	at org.springframework.boot.SpringApplication.refresh(SpringApplication.java:742)
	at org.springframework.boot.SpringApplication.refreshContext(SpringApplication.java:389)
	at org.springframework.boot.SpringApplication.run(SpringApplication.java:311)
	at org.springframework.boot.SpringApplication.run(SpringApplication.java:1213)
	at org.springframework.boot.SpringApplication.run(SpringApplication.java:1202)
	at cc.saxfore.icbt.IcbtUserApplication.main(IcbtUserApplication.java:10)
	at sun.reflect.NativeMethodAccessorImpl.invoke0(Native Method)
	at sun.reflect.NativeMethodAccessorImpl.invoke(NativeMethodAccessorImpl.java:62)
	at sun.reflect.DelegatingMethodAccessorImpl.invoke(DelegatingMethodAccessorImpl.java:43)
	at java.lang.reflect.Method.invoke(Method.java:498)
	at org.springframework.boot.devtools.restart.RestartLauncher.run(RestartLauncher.java:49)
Caused by: org.springframework.beans.BeanInstantiationException: Failed to instantiate [javax.servlet.Filter]: Factory method 'springSecurityFilterChain' threw exception; nested exception is java.lang.IllegalArgumentException: defaultTarget must start with '/' or with 'http(s)'
	at org.springframework.beans.factory.support.SimpleInstantiationStrategy.instantiate(SimpleInstantiationStrategy.java:185)
	at org.springframework.beans.factory.support.ConstructorResolver.instantiate(ConstructorResolver.java:622)
	... 26 common frames omitted
Caused by: java.lang.IllegalArgumentException: defaultTarget must start with '/' or with 'http(s)'
	at org.springframework.util.Assert.isTrue(Assert.java:118)
	at org.springframework.security.web.authentication.AbstractAuthenticationTargetUrlRequestHandler.setDefaultTargetUrl(AbstractAuthenticationTargetUrlRequestHandler.java:151)
	at org.springframework.security.config.annotation.web.configurers.AbstractAuthenticationFilterConfigurer.defaultSuccessUrl(AbstractAuthenticationFilterConfigurer.java:131)
	at org.springframework.security.config.annotation.web.configurers.AbstractAuthenticationFilterConfigurer.defaultSuccessUrl(AbstractAuthenticationFilterConfigurer.java:116)
	at cc.saxfore.icbt.security.ICUserDetailConfig.configure(ICUserDetailConfig.java:66)
	at org.springframework.security.config.annotation.web.configuration.WebSecurityConfigurerAdapter.getHttp(WebSecurityConfigurerAdapter.java:231)
	at org.springframework.security.config.annotation.web.configuration.WebSecurityConfigurerAdapter.init(WebSecurityConfigurerAdapter.java:322)
	at org.springframework.security.config.annotation.web.configuration.WebSecurityConfigurerAdapter.init(WebSecurityConfigurerAdapter.java:92)
	at cc.saxfore.icbt.security.ICUserDetailConfig$$EnhancerBySpringCGLIB$$f3f1f186.init(<generated>)
	at org.springframework.security.config.annotation.AbstractConfiguredSecurityBuilder.init(AbstractConfiguredSecurityBuilder.java:371)
	at org.springframework.security.config.annotation.AbstractConfiguredSecurityBuilder.doBuild(AbstractConfiguredSecurityBuilder.java:325)
	at org.springframework.security.config.annotation.AbstractSecurityBuilder.build(AbstractSecurityBuilder.java:41)
	at org.springframework.security.config.annotation.web.configuration.WebSecurityConfiguration.springSecurityFilterChain(WebSecurityConfiguration.java:104)
	at org.springframework.security.config.annotation.web.configuration.WebSecurityConfiguration$$EnhancerBySpringCGLIB$$f9d145ba.CGLIB$springSecurityFilterChain$2(<generated>)
	at org.springframework.security.config.annotation.web.configuration.WebSecurityConfiguration$$EnhancerBySpringCGLIB$$f9d145ba$$FastClassBySpringCGLIB$$a7126ecb.invoke(<generated>)
	at org.springframework.cglib.proxy.MethodProxy.invokeSuper(MethodProxy.java:244)
	at org.springframework.context.annotation.ConfigurationClassEnhancer$BeanMethodInterceptor.intercept(ConfigurationClassEnhancer.java:363)
	at org.springframework.security.config.annotation.web.configuration.WebSecurityConfiguration$$EnhancerBySpringCGLIB$$f9d145ba.springSecurityFilterChain(<generated>)
	at sun.reflect.NativeMethodAccessorImpl.invoke0(Native Method)
	at sun.reflect.NativeMethodAccessorImpl.invoke(NativeMethodAccessorImpl.java:62)
	at sun.reflect.DelegatingMethodAccessorImpl.invoke(DelegatingMethodAccessorImpl.java:43)
	at java.lang.reflect.Method.invoke(Method.java:498)
	at org.springframework.beans.factory.support.SimpleInstantiationStrategy.instantiate(SimpleInstantiationStrategy.java:154)
	... 27 common frames omitted
2019-09-17 17:55:08,852 INFO [restartedMain] cc.saxfore.icbt.IcbtUserApplication [StartupInfoLogger.java : 50] Starting IcbtUserApplication on MacBook.local with PID 12207 (/Users/john/gitHub-workspace/icbt-user/target/classes started by john in /Users/john/gitHub-workspace/icbt-user)
2019-09-17 17:55:08,855 INFO [restartedMain] cc.saxfore.icbt.IcbtUserApplication [SpringApplication.java : 646] No active profile set, falling back to default profiles: default
2019-09-17 17:55:08,890 INFO [restartedMain] o.s.b.d.e.DevToolsPropertyDefaultsPostProcessor [DeferredLog.java : 225] Devtools property defaults active! Set 'spring.devtools.add-properties' to 'false' to disable
2019-09-17 17:55:08,890 INFO [restartedMain] o.s.b.d.e.DevToolsPropertyDefaultsPostProcessor [DeferredLog.java : 225] For additional web related logging consider setting the 'logging.level.web' property to 'DEBUG'
2019-09-17 17:55:09,600 INFO [restartedMain] o.s.d.r.c.RepositoryConfigurationDelegate [RepositoryConfigurationDelegate.java : 244] Multiple Spring Data modules found, entering strict repository configuration mode!
2019-09-17 17:55:09,606 INFO [restartedMain] o.s.d.r.c.RepositoryConfigurationDelegate [RepositoryConfigurationDelegate.java : 126] Bootstrapping Spring Data repositories in DEFAULT mode.
2019-09-17 17:55:09,636 INFO [restartedMain] o.s.d.r.c.RepositoryConfigurationDelegate [RepositoryConfigurationDelegate.java : 182] Finished Spring Data repository scanning in 20ms. Found 0 repository interfaces.
2019-09-17 17:55:10,045 INFO [restartedMain] o.s.c.s.PostProcessorRegistrationDelegate$BeanPostProcessorChecker [PostProcessorRegistrationDelegate.java : 330] Bean 'org.springframework.transaction.annotation.ProxyTransactionManagementConfiguration' of type [org.springframework.transaction.annotation.ProxyTransactionManagementConfiguration$$EnhancerBySpringCGLIB$$5df29c6c] is not eligible for getting processed by all BeanPostProcessors (for example: not eligible for auto-proxying)
2019-09-17 17:55:10,525 INFO [restartedMain] o.s.b.w.e.tomcat.TomcatWebServer [TomcatWebServer.java : 90] Tomcat initialized with port(s): 9001 (http)
2019-09-17 17:55:10,536 INFO [restartedMain] o.a.coyote.http11.Http11NioProtocol [DirectJDKLog.java : 173] Initializing ProtocolHandler ["http-nio-9001"]
2019-09-17 17:55:10,542 INFO [restartedMain] o.a.catalina.core.StandardService [DirectJDKLog.java : 173] Starting service [Tomcat]
2019-09-17 17:55:10,543 INFO [restartedMain] o.a.catalina.core.StandardEngine [DirectJDKLog.java : 173] Starting Servlet engine: [Apache Tomcat/9.0.21]
2019-09-17 17:55:10,611 INFO [restartedMain] o.a.c.c.C.[.[localhost].[/icbt] [DirectJDKLog.java : 173] Initializing Spring embedded WebApplicationContext
2019-09-17 17:55:10,611 INFO [restartedMain] o.s.web.context.ContextLoader [ServletWebServerApplicationContext.java : 283] Root WebApplicationContext: initialization completed in 1721 ms
2019-09-17 17:55:11,341 INFO [restartedMain] c.s.icbt.common.filter.IcbtFilter [IcbtFilter.java : 29] icbtFilter init ...
2019-09-17 17:55:12,278 INFO [restartedMain] o.s.s.web.DefaultSecurityFilterChain [DefaultSecurityFilterChain.java : 43] Creating filter chain: any request, [org.springframework.security.web.context.request.async.WebAsyncManagerIntegrationFilter@103434e1, org.springframework.security.web.context.SecurityContextPersistenceFilter@13a8cafd, org.springframework.security.web.header.HeaderWriterFilter@38bd51b, org.springframework.security.web.csrf.CsrfFilter@6b100e82, org.springframework.security.web.authentication.logout.LogoutFilter@37e1956f, org.springframework.security.web.authentication.UsernamePasswordAuthenticationFilter@8b4c926, org.springframework.security.web.authentication.ui.DefaultLoginPageGeneratingFilter@7302052f, org.springframework.security.web.authentication.ui.DefaultLogoutPageGeneratingFilter@5b22ee49, org.springframework.security.web.savedrequest.RequestCacheAwareFilter@5005558e, org.springframework.security.web.servletapi.SecurityContextHolderAwareRequestFilter@79378a73, org.springframework.security.web.authentication.AnonymousAuthenticationFilter@76566f18, org.springframework.security.web.session.SessionManagementFilter@47235c47, org.springframework.security.web.access.ExceptionTranslationFilter@3c83b3df, org.springframework.security.web.access.intercept.FilterSecurityInterceptor@695e6aea]
2019-09-17 17:55:12,559 INFO [restartedMain] o.s.s.c.ThreadPoolTaskExecutor [ExecutorConfigurationSupport.java : 171] Initializing ExecutorService 'applicationTaskExecutor'
2019-09-17 17:55:12,730 WARN [restartedMain] o.t.templatemode.TemplateMode [TemplateMode.java : 150] [THYMELEAF][restartedMain] Template Mode 'HTML5' is deprecated. Using Template Mode 'HTML' instead.
2019-09-17 17:55:12,772 INFO [restartedMain] o.s.b.a.w.s.WelcomePageHandlerMapping [WelcomePageHandlerMapping.java : 58] Adding welcome page template: index
2019-09-17 17:55:13,339 INFO [restartedMain] com.zaxxer.hikari.HikariDataSource [HikariDataSource.java : 110] DatebookHikariCP - Starting...
2019-09-17 17:55:13,459 INFO [restartedMain] com.zaxxer.hikari.HikariDataSource [HikariDataSource.java : 123] DatebookHikariCP - Start completed.
2019-09-17 17:55:13,506 INFO [restartedMain] org.quartz.impl.StdSchedulerFactory [StdSchedulerFactory.java : 1208] Using default implementation for ThreadExecutor
2019-09-17 17:55:13,520 INFO [restartedMain] o.quartz.core.SchedulerSignalerImpl [SchedulerSignalerImpl.java : 61] Initialized Scheduler Signaller of type: class org.quartz.core.SchedulerSignalerImpl
2019-09-17 17:55:13,520 INFO [restartedMain] org.quartz.core.QuartzScheduler [QuartzScheduler.java : 229] Quartz Scheduler v.2.3.1 created.
2019-09-17 17:55:13,521 INFO [restartedMain] org.quartz.simpl.RAMJobStore [RAMJobStore.java : 155] RAMJobStore initialized.
2019-09-17 17:55:13,522 INFO [restartedMain] org.quartz.core.QuartzScheduler [QuartzScheduler.java : 294] Scheduler meta-data: Quartz Scheduler (v2.3.1) 'quartzScheduler' with instanceId 'NON_CLUSTERED'
  Scheduler class: 'org.quartz.core.QuartzScheduler' - running locally.
  NOT STARTED.
  Currently in standby mode.
  Number of jobs executed: 0
  Using thread pool 'org.quartz.simpl.SimpleThreadPool' - with 10 threads.
  Using job-store 'org.quartz.simpl.RAMJobStore' - which does not support persistence. and is not clustered.

2019-09-17 17:55:13,522 INFO [restartedMain] org.quartz.impl.StdSchedulerFactory [StdSchedulerFactory.java : 1362] Quartz scheduler 'quartzScheduler' initialized from an externally provided properties instance.
2019-09-17 17:55:13,522 INFO [restartedMain] org.quartz.impl.StdSchedulerFactory [StdSchedulerFactory.java : 1366] Quartz scheduler version: 2.3.1
2019-09-17 17:55:13,522 INFO [restartedMain] org.quartz.core.QuartzScheduler [QuartzScheduler.java : 2293] JobFactory set to: org.springframework.scheduling.quartz.SpringBeanJobFactory@3ef595b9
2019-09-17 17:55:13,551 INFO [restartedMain] o.s.b.a.e.web.EndpointLinksResolver [EndpointLinksResolver.java : 58] Exposing 15 endpoint(s) beneath base path '/actuator'
2019-09-17 17:55:13,626 INFO [restartedMain] o.s.s.c.ThreadPoolTaskScheduler [ExecutorConfigurationSupport.java : 171] Initializing ExecutorService 'taskScheduler'
2019-09-17 17:55:13,743 INFO [restartedMain] o.s.b.d.a.OptionalLiveReloadServer [OptionalLiveReloadServer.java : 57] LiveReload server is running on port 35729
2019-09-17 17:55:13,794 INFO [restartedMain] o.s.s.quartz.SchedulerFactoryBean [SchedulerFactoryBean.java : 726] Starting Quartz Scheduler now
2019-09-17 17:55:13,795 INFO [restartedMain] org.quartz.core.QuartzScheduler [QuartzScheduler.java : 547] Scheduler quartzScheduler_$_NON_CLUSTERED started.
2019-09-17 17:55:13,810 INFO [restartedMain] o.a.coyote.http11.Http11NioProtocol [DirectJDKLog.java : 173] Starting ProtocolHandler ["http-nio-9001"]
2019-09-17 17:55:13,845 INFO [restartedMain] o.s.b.w.e.tomcat.TomcatWebServer [TomcatWebServer.java : 202] Tomcat started on port(s): 9001 (http) with context path '/icbt'
2019-09-17 17:55:13,849 INFO [restartedMain] cc.saxfore.icbt.IcbtUserApplication [StartupInfoLogger.java : 59] Started IcbtUserApplication in 25.346 seconds (JVM running for 30.975)
2019-09-17 17:55:14,499 INFO [RMI TCP Connection(3)-192.168.200.32] o.a.c.c.C.[.[localhost].[/icbt] [DirectJDKLog.java : 173] Initializing Spring DispatcherServlet 'dispatcherServlet'
2019-09-17 17:55:14,501 INFO [RMI TCP Connection(3)-192.168.200.32] o.s.web.servlet.DispatcherServlet [FrameworkServlet.java : 524] Initializing Servlet 'dispatcherServlet'
2019-09-17 17:55:14,524 INFO [RMI TCP Connection(3)-192.168.200.32] o.s.web.servlet.DispatcherServlet [FrameworkServlet.java : 546] Completed initialization in 23 ms
2019-09-17 17:55:14,647 INFO [parallel-1] io.lettuce.core.EpollProvider [EpollProvider.java : 68] Starting without optional epoll library
2019-09-17 17:55:14,648 INFO [parallel-1] io.lettuce.core.KqueueProvider [KqueueProvider.java : 70] Starting without optional kqueue library
2019-09-17 17:55:50,914 INFO [http-nio-9001-exec-4] c.s.icbt.security.ICUserDetailConfig [ICUserDetailConfig.java : 74] WebSecurityConfig 登录成功...
2019-09-17 17:56:06,876 INFO [http-nio-9001-exec-6] c.s.icbt.common.filter.IcbtFilter [IcbtFilter.java : 34] icbtFilter doFilter ...
2019-09-17 17:56:06,898 INFO [http-nio-9001-exec-6] c.s.icbt.common.aspect.IcbtAspect [IcbtAspect.java : 92] icbtAspect doAroundAdvice ...
2019-09-17 17:56:06,900 INFO [http-nio-9001-exec-6] c.s.icbt.common.aspect.IcbtAspect [IcbtAspect.java : 96] icbtAspect doAroundAdvice 环绕通知的目标方法: cc.saxfore.icbt.controller.HomeController.find
2019-09-17 17:56:06,901 INFO [http-nio-9001-exec-6] c.s.icbt.common.aspect.IcbtAspect [IcbtAspect.java : 38] icbtAspect doBefore ...
2019-09-17 17:56:06,901 INFO [http-nio-9001-exec-6] c.s.icbt.common.aspect.IcbtAspect [IcbtAspect.java : 44] icbtAspect doBefore 调用方法: cc.saxfore.icbt.controller.HomeController.find
2019-09-17 17:56:06,901 INFO [http-nio-9001-exec-6] c.s.icbt.common.aspect.IcbtAspect [IcbtAspect.java : 45] icbtAspect doBefore 请求参数: []
2019-09-17 17:56:06,915 INFO [http-nio-9001-exec-6] c.s.icbt.common.aspect.IcbtAspect [IcbtAspect.java : 100] icbtAspect doAroundAdvice 环绕通知返回：{"view":"index","model":{"username":{"username":"saxfore","authorities":[{"role":"ROLE_USER"}],"accountNonExpired":true,"accountNonLocked":true,"credentialsNonExpired":true,"enabled":true}},"cleared":false}
2019-09-17 17:56:06,916 INFO [http-nio-9001-exec-6] c.s.icbt.common.aspect.IcbtAspect [IcbtAspect.java : 56] icbtAspect doAfterReturning ...
2019-09-17 17:56:06,917 INFO [http-nio-9001-exec-6] c.s.icbt.common.aspect.IcbtAspect [IcbtAspect.java : 63] icbtAspect doAfterReturning 调用方法: cc.saxfore.icbt.controller.HomeController.find
2019-09-17 17:56:06,917 INFO [http-nio-9001-exec-6] c.s.icbt.common.aspect.IcbtAspect [IcbtAspect.java : 64] icbtAspect doAfterReturning 返回结果: {"view":"index","model":{"username":{"username":"saxfore","authorities":[{"role":"ROLE_USER"}],"accountNonExpired":true,"accountNonLocked":true,"credentialsNonExpired":true,"enabled":true}},"cleared":false}
2019-09-17 17:56:07,169 INFO [http-nio-9001-exec-6] c.s.icbt.common.filter.IcbtFilter [IcbtFilter.java : 43] ----请求地址:/icbt/index, 耗时:292ms
2019-09-17 18:01:19,823 INFO [http-nio-9001-exec-9] c.s.icbt.common.filter.IcbtFilter [IcbtFilter.java : 34] icbtFilter doFilter ...
2019-09-17 18:01:19,829 INFO [http-nio-9001-exec-9] c.s.icbt.common.aspect.IcbtAspect [IcbtAspect.java : 92] icbtAspect doAroundAdvice ...
2019-09-17 18:01:19,829 INFO [http-nio-9001-exec-9] c.s.icbt.common.aspect.IcbtAspect [IcbtAspect.java : 96] icbtAspect doAroundAdvice 环绕通知的目标方法: cc.saxfore.icbt.controller.HomeController.find
2019-09-17 18:01:19,830 INFO [http-nio-9001-exec-9] c.s.icbt.common.aspect.IcbtAspect [IcbtAspect.java : 38] icbtAspect doBefore ...
2019-09-17 18:01:19,830 INFO [http-nio-9001-exec-9] c.s.icbt.common.aspect.IcbtAspect [IcbtAspect.java : 44] icbtAspect doBefore 调用方法: cc.saxfore.icbt.controller.HomeController.find
2019-09-17 18:01:19,830 INFO [http-nio-9001-exec-9] c.s.icbt.common.aspect.IcbtAspect [IcbtAspect.java : 45] icbtAspect doBefore 请求参数: []
2019-09-17 18:01:19,833 INFO [http-nio-9001-exec-9] c.s.icbt.common.aspect.IcbtAspect [IcbtAspect.java : 100] icbtAspect doAroundAdvice 环绕通知返回：{"view":"index","model":{"username":{"username":"saxfore","authorities":[{"role":"ROLE_USER"}],"accountNonExpired":true,"accountNonLocked":true,"credentialsNonExpired":true,"enabled":true}},"cleared":false}
2019-09-17 18:01:19,834 INFO [http-nio-9001-exec-9] c.s.icbt.common.aspect.IcbtAspect [IcbtAspect.java : 56] icbtAspect doAfterReturning ...
2019-09-17 18:01:19,835 INFO [http-nio-9001-exec-9] c.s.icbt.common.aspect.IcbtAspect [IcbtAspect.java : 63] icbtAspect doAfterReturning 调用方法: cc.saxfore.icbt.controller.HomeController.find
2019-09-17 18:01:19,835 INFO [http-nio-9001-exec-9] c.s.icbt.common.aspect.IcbtAspect [IcbtAspect.java : 64] icbtAspect doAfterReturning 返回结果: {"view":"index","model":{"username":{"username":"saxfore","authorities":[{"role":"ROLE_USER"}],"accountNonExpired":true,"accountNonLocked":true,"credentialsNonExpired":true,"enabled":true}},"cleared":false}
2019-09-17 18:01:19,839 INFO [http-nio-9001-exec-9] c.s.icbt.common.filter.IcbtFilter [IcbtFilter.java : 43] ----请求地址:/icbt/index, 耗时:15ms
2019-09-17 18:01:22,207 INFO [http-nio-9001-exec-10] c.s.icbt.common.filter.IcbtFilter [IcbtFilter.java : 34] icbtFilter doFilter ...
2019-09-17 18:01:22,211 INFO [http-nio-9001-exec-10] c.s.icbt.common.aspect.IcbtAspect [IcbtAspect.java : 92] icbtAspect doAroundAdvice ...
2019-09-17 18:01:22,211 INFO [http-nio-9001-exec-10] c.s.icbt.common.aspect.IcbtAspect [IcbtAspect.java : 96] icbtAspect doAroundAdvice 环绕通知的目标方法: cc.saxfore.icbt.controller.HomeController.find
2019-09-17 18:01:22,212 INFO [http-nio-9001-exec-10] c.s.icbt.common.aspect.IcbtAspect [IcbtAspect.java : 38] icbtAspect doBefore ...
2019-09-17 18:01:22,212 INFO [http-nio-9001-exec-10] c.s.icbt.common.aspect.IcbtAspect [IcbtAspect.java : 44] icbtAspect doBefore 调用方法: cc.saxfore.icbt.controller.HomeController.find
2019-09-17 18:01:22,212 INFO [http-nio-9001-exec-10] c.s.icbt.common.aspect.IcbtAspect [IcbtAspect.java : 45] icbtAspect doBefore 请求参数: []
2019-09-17 18:01:22,215 INFO [http-nio-9001-exec-10] c.s.icbt.common.aspect.IcbtAspect [IcbtAspect.java : 100] icbtAspect doAroundAdvice 环绕通知返回：{"view":"index","model":{"username":{"username":"saxfore","authorities":[{"role":"ROLE_USER"}],"accountNonExpired":true,"accountNonLocked":true,"credentialsNonExpired":true,"enabled":true}},"cleared":false}
2019-09-17 18:01:22,216 INFO [http-nio-9001-exec-10] c.s.icbt.common.aspect.IcbtAspect [IcbtAspect.java : 56] icbtAspect doAfterReturning ...
2019-09-17 18:01:22,217 INFO [http-nio-9001-exec-10] c.s.icbt.common.aspect.IcbtAspect [IcbtAspect.java : 63] icbtAspect doAfterReturning 调用方法: cc.saxfore.icbt.controller.HomeController.find
2019-09-17 18:01:22,217 INFO [http-nio-9001-exec-10] c.s.icbt.common.aspect.IcbtAspect [IcbtAspect.java : 64] icbtAspect doAfterReturning 返回结果: {"view":"index","model":{"username":{"username":"saxfore","authorities":[{"role":"ROLE_USER"}],"accountNonExpired":true,"accountNonLocked":true,"credentialsNonExpired":true,"enabled":true}},"cleared":false}
2019-09-17 18:01:22,220 INFO [http-nio-9001-exec-10] c.s.icbt.common.filter.IcbtFilter [IcbtFilter.java : 43] ----请求地址:/icbt/index, 耗时:12ms
2019-09-17 18:02:24,245 INFO [Thread-59] org.quartz.core.QuartzScheduler [QuartzScheduler.java : 585] Scheduler quartzScheduler_$_NON_CLUSTERED paused.
2019-09-17 18:02:24,249 INFO [Thread-59] o.s.s.c.ThreadPoolTaskScheduler [ExecutorConfigurationSupport.java : 208] Shutting down ExecutorService 'taskScheduler'
2019-09-17 18:02:24,250 INFO [Thread-59] o.s.s.quartz.SchedulerFactoryBean [SchedulerFactoryBean.java : 844] Shutting down Quartz Scheduler
2019-09-17 18:02:24,250 INFO [Thread-59] org.quartz.core.QuartzScheduler [QuartzScheduler.java : 666] Scheduler quartzScheduler_$_NON_CLUSTERED shutting down.
2019-09-17 18:02:24,250 INFO [Thread-59] org.quartz.core.QuartzScheduler [QuartzScheduler.java : 585] Scheduler quartzScheduler_$_NON_CLUSTERED paused.
2019-09-17 18:02:24,251 INFO [Thread-59] org.quartz.core.QuartzScheduler [QuartzScheduler.java : 740] Scheduler quartzScheduler_$_NON_CLUSTERED shutdown complete.
2019-09-17 18:02:24,252 INFO [Thread-59] o.s.s.c.ThreadPoolTaskExecutor [ExecutorConfigurationSupport.java : 208] Shutting down ExecutorService 'applicationTaskExecutor'
